{
  "stats": {
    "suites": 1,
    "tests": 5,
    "passes": 5,
    "pending": 0,
    "failures": 0,
    "start": "2023-06-29T09:20:53.802Z",
    "end": "2023-06-29T09:20:55.171Z",
    "duration": 1369,
    "testsRegistered": 5,
    "passPercent": 100,
    "pendingPercent": 0,
    "other": 0,
    "hasOther": false,
    "skipped": 0,
    "hasSkipped": false
  },
  "results": [
    {
      "uuid": "a6baeb1d-cf02-4176-bcc7-dbfccf1c37e7",
      "title": "",
      "fullFile": "/Users/askeledzija/workspace/asyncapi/test/test.spec.js",
      "file": "/test/test.spec.js",
      "beforeHooks": [],
      "afterHooks": [],
      "tests": [],
      "suites": [
        {
          "uuid": "d0f575d8-a7b9-4211-8e4e-b059f86a7c96",
          "title": "Async demo",
          "fullFile": "/Users/askeledzija/workspace/asyncapi/test/test.spec.js",
          "file": "/test/test.spec.js",
          "beforeHooks": [],
          "afterHooks": [],
          "tests": [
            {
              "title": "Should Fetch the posts by id using GET request",
              "fullTitle": "Async demo Should Fetch the posts by id using GET request",
              "timedOut": false,
              "duration": 156,
              "state": "passed",
              "speed": "slow",
              "pass": true,
              "fail": false,
              "pending": false,
              "context": null,
              "code": "await request(baseURL)\n    .get('/posts/' + postId)\n    .set(\"Accept\", \"application/json\")\n    .set(\"Content-Type\", 'application/json')\n    .then((res, err) => {\n        expect(res.statusCode).to.be.equal(200)\n        expect(res.body.title).to.contains('reprehenderit')\n        if (err) {\n            throw err;\n        }\n    });",
              "err": {},
              "uuid": "31ee0920-d719-4cff-b267-24a4a64198ea",
              "parentUUID": "d0f575d8-a7b9-4211-8e4e-b059f86a7c96",
              "isHook": false,
              "skipped": false
            },
            {
              "title": "Should successfully create a post using POST request",
              "fullTitle": "Async demo Should successfully create a post using POST request",
              "timedOut": false,
              "duration": 294,
              "state": "passed",
              "speed": "slow",
              "pass": true,
              "fail": false,
              "pending": false,
              "context": null,
              "code": "await request(baseURL)\n    .post('/posts')\n    .send(data)\n    .set(\"Accept\", \"application/json\")\n    .set(\"Content-Type\", 'application/json')\n    .then((res, err) => {\n        expect(res.statusCode).to.be.equal(201)\n        //postId = res.body.id\n        //console.log(postId)\n        if (err) {\n            throw err;\n        }\n    });",
              "err": {},
              "uuid": "e7e3ccc7-4200-4ef5-ac77-e013bd050a4f",
              "parentUUID": "d0f575d8-a7b9-4211-8e4e-b059f86a7c96",
              "isHook": false,
              "skipped": false
            },
            {
              "title": "Should Update the posts of the provided post id using PUT request",
              "fullTitle": "Async demo Should Update the posts of the provided post id using PUT request",
              "timedOut": false,
              "duration": 302,
              "state": "passed",
              "speed": "slow",
              "pass": true,
              "fail": false,
              "pending": false,
              "context": null,
              "code": "await request(baseURL)\n    .put('/posts/' + postId)\n    .send(updateddata)\n    .set(\"Accept\", \"application/json\")\n    .set(\"Content-Type\", 'application/json')\n  //  .set('Cookie', 'token=' + token)\n    .then((res, err) => {\n        expect(res.statusCode).to.be.equal(200)\n        expect(res.body.title).to.be.equal(updateddata.title)\n        if (err) {\n            throw err;\n        }\n    });",
              "err": {},
              "uuid": "be7eb760-6854-403f-a48e-d5187aeac98f",
              "parentUUID": "d0f575d8-a7b9-4211-8e4e-b059f86a7c96",
              "isHook": false,
              "skipped": false
            },
            {
              "title": "Should Partial Update the title and body of the provided post id using PATCH request",
              "fullTitle": "Async demo Should Partial Update the title and body of the provided post id using PATCH request",
              "timedOut": false,
              "duration": 309,
              "state": "passed",
              "speed": "slow",
              "pass": true,
              "fail": false,
              "pending": false,
              "context": null,
              "code": "var title = \"Andrej\"\nvar body = \"Skeledzija\"\nawait request(baseURL)\n    .patch('/posts/' + postId)\n    .send({title: title, body: body})\n    .set(\"Accept\", \"application/json\")\n    .set(\"Content-Type\", 'application/json')\n    //.set('Cookie', 'token=' + token)\n    .then((res, err) => {\n        expect(res.statusCode).to.be.equal(200)\n        expect(res.body.title).to.be.equal(title)\n        expect(res.body.body).to.be.equal(body)\n        if (err) {\n            throw err;\n        }\n    });",
              "err": {},
              "uuid": "64cf27fd-368a-4e8d-9a25-487d33d4857e",
              "parentUUID": "d0f575d8-a7b9-4211-8e4e-b059f86a7c96",
              "isHook": false,
              "skipped": false
            },
            {
              "title": "Should Delete post of the provided postId using DELETE request",
              "fullTitle": "Async demo Should Delete post of the provided postId using DELETE request",
              "timedOut": false,
              "duration": 298,
              "state": "passed",
              "speed": "slow",
              "pass": true,
              "fail": false,
              "pending": false,
              "context": null,
              "code": "await request(baseURL)\n    .delete('/posts/' + postId)\n    .set(\"Accept\", \"application/json\")\n    .set(\"Content-Type\", 'application/json')\n    //.set('Cookie', 'token=' + token)\n    .then((res, err) => {\n        expect(res.statusCode).to.be.equal(200)\n        if (err) {\n            throw err;\n        }\n    });",
              "err": {},
              "uuid": "cbf4b045-8de7-40b2-8dbf-50ca923e30e8",
              "parentUUID": "d0f575d8-a7b9-4211-8e4e-b059f86a7c96",
              "isHook": false,
              "skipped": false
            }
          ],
          "suites": [],
          "passes": [
            "31ee0920-d719-4cff-b267-24a4a64198ea",
            "e7e3ccc7-4200-4ef5-ac77-e013bd050a4f",
            "be7eb760-6854-403f-a48e-d5187aeac98f",
            "64cf27fd-368a-4e8d-9a25-487d33d4857e",
            "cbf4b045-8de7-40b2-8dbf-50ca923e30e8"
          ],
          "failures": [],
          "pending": [],
          "skipped": [],
          "duration": 1359,
          "root": false,
          "rootEmpty": false,
          "_timeout": 2000
        }
      ],
      "passes": [],
      "failures": [],
      "pending": [],
      "skipped": [],
      "duration": 0,
      "root": true,
      "rootEmpty": true,
      "_timeout": 2000
    }
  ],
  "meta": {
    "mocha": {
      "version": "10.2.0"
    },
    "mochawesome": {
      "options": {
        "quiet": false,
        "reportFilename": "mochawesome",
        "saveHtml": true,
        "saveJson": true,
        "consoleReporter": "spec",
        "useInlineDiffs": false,
        "code": true
      },
      "version": "7.1.3"
    },
    "marge": {
      "options": null,
      "version": "6.2.0"
    }
  }
}