{
  "stats": {
    "suites": 1,
    "tests": 5,
    "passes": 5,
    "pending": 0,
    "failures": 0,
    "start": "2023-07-07T18:57:48.812Z",
    "end": "2023-07-07T18:57:50.111Z",
    "duration": 1299,
    "testsRegistered": 5,
    "passPercent": 100,
    "pendingPercent": 0,
    "other": 0,
    "hasOther": false,
    "skipped": 0,
    "hasSkipped": false
  },
  "results": [
    {
      "uuid": "e1e0117f-0aaa-4546-950e-a870bcbd5028",
      "title": "",
      "fullFile": "/Users/askeledzija/workspace/asyncapi/test/test.spec.js",
      "file": "/test/test.spec.js",
      "beforeHooks": [],
      "afterHooks": [],
      "tests": [],
      "suites": [
        {
          "uuid": "11308783-485f-443a-9f93-5c108934b3b0",
          "title": "Async demo",
          "fullFile": "/Users/askeledzija/workspace/asyncapi/test/test.spec.js",
          "file": "/test/test.spec.js",
          "beforeHooks": [],
          "afterHooks": [],
          "tests": [
            {
              "title": "Should Fetch the posts by id using GET request",
              "fullTitle": "Async demo Should Fetch the posts by id using GET request",
              "timedOut": false,
              "duration": 114,
              "state": "passed",
              "speed": "slow",
              "pass": true,
              "fail": false,
              "pending": false,
              "context": null,
              "code": "await request(baseURL)\n    .get('/posts/' + postId)\n    .set(\"Accept\", \"application/json\")\n    .set(\"Content-Type\", 'application/json')\n    .then((res, err) => {\n        expect(res.statusCode).to.be.equal(200)\n        expect(res.body.title).to.contains('reprehenderit')\n        if (err) {\n            throw err;\n        }\n    });",
              "err": {},
              "uuid": "d4d63a03-253e-4398-babe-1a5562047cdb",
              "parentUUID": "11308783-485f-443a-9f93-5c108934b3b0",
              "isHook": false,
              "skipped": false
            },
            {
              "title": "Should successfully create a post using POST request",
              "fullTitle": "Async demo Should successfully create a post using POST request",
              "timedOut": false,
              "duration": 289,
              "state": "passed",
              "speed": "slow",
              "pass": true,
              "fail": false,
              "pending": false,
              "context": null,
              "code": "await request(baseURL)\n    .post('/posts')\n    .send(data)\n    .set(\"Accept\", \"application/json\")\n    .set(\"Content-Type\", 'application/json')\n    .then((res, err) => {\n        expect(res.statusCode).to.be.equal(201)\n        //postId = res.body.id\n        //console.log(postId)\n        if (err) {\n            throw err;\n        }\n    });",
              "err": {},
              "uuid": "e6bf07e4-b4c4-4119-a437-3bc3c24d413d",
              "parentUUID": "11308783-485f-443a-9f93-5c108934b3b0",
              "isHook": false,
              "skipped": false
            },
            {
              "title": "Should Update the posts of the provided post id using PUT request",
              "fullTitle": "Async demo Should Update the posts of the provided post id using PUT request",
              "timedOut": false,
              "duration": 302,
              "state": "passed",
              "speed": "slow",
              "pass": true,
              "fail": false,
              "pending": false,
              "context": null,
              "code": "await request(baseURL)\n    .put('/posts/' + postId)\n    .send(updateddata)\n    .set(\"Accept\", \"application/json\")\n    .set(\"Content-Type\", 'application/json')\n  //  .set('Cookie', 'token=' + token)\n    .then((res, err) => {\n        expect(res.statusCode).to.be.equal(200)\n        expect(res.body.title).to.be.equal(updateddata.title)\n        if (err) {\n            throw err;\n        }\n    });",
              "err": {},
              "uuid": "6e16c6b4-efea-4897-9838-eea259616e73",
              "parentUUID": "11308783-485f-443a-9f93-5c108934b3b0",
              "isHook": false,
              "skipped": false
            },
            {
              "title": "Should Partial Update the title and body of the provided post id using PATCH request",
              "fullTitle": "Async demo Should Partial Update the title and body of the provided post id using PATCH request",
              "timedOut": false,
              "duration": 300,
              "state": "passed",
              "speed": "slow",
              "pass": true,
              "fail": false,
              "pending": false,
              "context": null,
              "code": "var title = \"Andrej\"\nvar body = \"Skeledzija\"\nawait request(baseURL)\n    .patch('/posts/' + postId)\n    .send({title: title, body: body})\n    .set(\"Accept\", \"application/json\")\n    .set(\"Content-Type\", 'application/json')\n    //.set('Cookie', 'token=' + token)\n    .then((res, err) => {\n        expect(res.statusCode).to.be.equal(200)\n        expect(res.body.title).to.be.equal(title)\n        expect(res.body.body).to.be.equal(body)\n        if (err) {\n            throw err;\n        }\n    });",
              "err": {},
              "uuid": "c92907b5-f352-4f24-870f-4a0dcf51ca85",
              "parentUUID": "11308783-485f-443a-9f93-5c108934b3b0",
              "isHook": false,
              "skipped": false
            },
            {
              "title": "Should Delete post of the provided postId using DELETE request",
              "fullTitle": "Async demo Should Delete post of the provided postId using DELETE request",
              "timedOut": false,
              "duration": 288,
              "state": "passed",
              "speed": "slow",
              "pass": true,
              "fail": false,
              "pending": false,
              "context": null,
              "code": "await request(baseURL)\n    .delete('/posts/' + postId)\n    .set(\"Accept\", \"application/json\")\n    .set(\"Content-Type\", 'application/json')\n    //.set('Cookie', 'token=' + token)\n    .then((res, err) => {\n        expect(res.statusCode).to.be.equal(200)\n        if (err) {\n            throw err;\n        }\n    });",
              "err": {},
              "uuid": "4ce2d0f5-32bf-4025-982b-ef0ac1cdc189",
              "parentUUID": "11308783-485f-443a-9f93-5c108934b3b0",
              "isHook": false,
              "skipped": false
            }
          ],
          "suites": [],
          "passes": [
            "d4d63a03-253e-4398-babe-1a5562047cdb",
            "e6bf07e4-b4c4-4119-a437-3bc3c24d413d",
            "6e16c6b4-efea-4897-9838-eea259616e73",
            "c92907b5-f352-4f24-870f-4a0dcf51ca85",
            "4ce2d0f5-32bf-4025-982b-ef0ac1cdc189"
          ],
          "failures": [],
          "pending": [],
          "skipped": [],
          "duration": 1293,
          "root": false,
          "rootEmpty": false,
          "_timeout": 2000
        }
      ],
      "passes": [],
      "failures": [],
      "pending": [],
      "skipped": [],
      "duration": 0,
      "root": true,
      "rootEmpty": true,
      "_timeout": 2000
    }
  ],
  "meta": {
    "mocha": {
      "version": "10.2.0"
    },
    "mochawesome": {
      "options": {
        "quiet": false,
        "reportFilename": "mochawesome",
        "saveHtml": true,
        "saveJson": true,
        "consoleReporter": "spec",
        "useInlineDiffs": false,
        "code": true
      },
      "version": "7.1.3"
    },
    "marge": {
      "options": null,
      "version": "6.2.0"
    }
  }
}