{
  "stats": {
    "suites": 1,
    "tests": 5,
    "passes": 5,
    "pending": 0,
    "failures": 0,
    "start": "2023-06-27T11:36:18.236Z",
    "end": "2023-06-27T11:36:19.548Z",
    "duration": 1312,
    "testsRegistered": 5,
    "passPercent": 100,
    "pendingPercent": 0,
    "other": 0,
    "hasOther": false,
    "skipped": 0,
    "hasSkipped": false
  },
  "results": [
    {
      "uuid": "069fafca-46c6-4fa8-b288-3be8ed9dbebf",
      "title": "",
      "fullFile": "/Users/askeledzija/workspace/asyncapi/test/test.spec.js",
      "file": "/test/test.spec.js",
      "beforeHooks": [],
      "afterHooks": [],
      "tests": [],
      "suites": [
        {
          "uuid": "5b1c5687-5fb2-4304-b3b4-3f11d8e967b0",
          "title": "Async demo",
          "fullFile": "/Users/askeledzija/workspace/asyncapi/test/test.spec.js",
          "file": "/test/test.spec.js",
          "beforeHooks": [],
          "afterHooks": [],
          "tests": [
            {
              "title": "Should Fetch the posts by id using GET request",
              "fullTitle": "Async demo Should Fetch the posts by id using GET request",
              "timedOut": false,
              "duration": 133,
              "state": "passed",
              "speed": "slow",
              "pass": true,
              "fail": false,
              "pending": false,
              "context": null,
              "code": "await request(baseURL)\n    .get('/posts/' + postId)\n    .set(\"Accept\", \"application/json\")\n    .set(\"Content-Type\", 'application/json')\n    .then((res, err) => {\n        expect(res.statusCode).to.be.equal(200)\n        expect(res.body.title).to.contains('reprehenderit')\n        if (err) {\n            throw err;\n        }\n    });",
              "err": {},
              "uuid": "24ec505f-a1a2-4099-8159-0959c0eb5ce5",
              "parentUUID": "5b1c5687-5fb2-4304-b3b4-3f11d8e967b0",
              "isHook": false,
              "skipped": false
            },
            {
              "title": "Should successfully create a post using POST request",
              "fullTitle": "Async demo Should successfully create a post using POST request",
              "timedOut": false,
              "duration": 287,
              "state": "passed",
              "speed": "slow",
              "pass": true,
              "fail": false,
              "pending": false,
              "context": null,
              "code": "await request(baseURL)\n    .post('/posts')\n    .send(data)\n    .set(\"Accept\", \"application/json\")\n    .set(\"Content-Type\", 'application/json')\n    .then((res, err) => {\n        expect(res.statusCode).to.be.equal(201)\n        //postId = res.body.id\n        //console.log(postId)\n        if (err) {\n            throw err;\n        }\n    });",
              "err": {},
              "uuid": "21d5f32d-3ef0-4c88-a1bf-187ce07d57d2",
              "parentUUID": "5b1c5687-5fb2-4304-b3b4-3f11d8e967b0",
              "isHook": false,
              "skipped": false
            },
            {
              "title": "Should Update the posts of the provided post id using PUT request",
              "fullTitle": "Async demo Should Update the posts of the provided post id using PUT request",
              "timedOut": false,
              "duration": 298,
              "state": "passed",
              "speed": "slow",
              "pass": true,
              "fail": false,
              "pending": false,
              "context": null,
              "code": "await request(baseURL)\n    .put('/posts/' + postId)\n    .send(updateddata)\n    .set(\"Accept\", \"application/json\")\n    .set(\"Content-Type\", 'application/json')\n  //  .set('Cookie', 'token=' + token)\n    .then((res, err) => {\n        expect(res.statusCode).to.be.equal(200)\n        expect(res.body.title).to.be.equal(updateddata.title)\n        if (err) {\n            throw err;\n        }\n    });",
              "err": {},
              "uuid": "284fc860-11e3-4ab5-b3e3-e4ae2eab6859",
              "parentUUID": "5b1c5687-5fb2-4304-b3b4-3f11d8e967b0",
              "isHook": false,
              "skipped": false
            },
            {
              "title": "Should Partial Update the title and body of the provided post id using PATCH request",
              "fullTitle": "Async demo Should Partial Update the title and body of the provided post id using PATCH request",
              "timedOut": false,
              "duration": 285,
              "state": "passed",
              "speed": "slow",
              "pass": true,
              "fail": false,
              "pending": false,
              "context": null,
              "code": "var title = \"Andrej\"\nvar body = \"Skeledzija\"\nawait request(baseURL)\n    .patch('/posts/' + postId)\n    .send({title: title, body: body})\n    .set(\"Accept\", \"application/json\")\n    .set(\"Content-Type\", 'application/json')\n    //.set('Cookie', 'token=' + token)\n    .then((res, err) => {\n        expect(res.statusCode).to.be.equal(200)\n        expect(res.body.title).to.be.equal(title)\n        expect(res.body.body).to.be.equal(body)\n        if (err) {\n            throw err;\n        }\n    });",
              "err": {},
              "uuid": "9975ef86-a595-4fec-b879-40fdfbdf156d",
              "parentUUID": "5b1c5687-5fb2-4304-b3b4-3f11d8e967b0",
              "isHook": false,
              "skipped": false
            },
            {
              "title": "Should Delete post of the provided postId using DELETE request",
              "fullTitle": "Async demo Should Delete post of the provided postId using DELETE request",
              "timedOut": false,
              "duration": 299,
              "state": "passed",
              "speed": "slow",
              "pass": true,
              "fail": false,
              "pending": false,
              "context": null,
              "code": "await request(baseURL)\n    .delete('/posts/' + postId)\n    .set(\"Accept\", \"application/json\")\n    .set(\"Content-Type\", 'application/json')\n    //.set('Cookie', 'token=' + token)\n    .then((res, err) => {\n        expect(res.statusCode).to.be.equal(200)\n        if (err) {\n            throw err;\n        }\n    });",
              "err": {},
              "uuid": "f0e287b5-1a2d-41a5-954d-1d2233cecd5c",
              "parentUUID": "5b1c5687-5fb2-4304-b3b4-3f11d8e967b0",
              "isHook": false,
              "skipped": false
            }
          ],
          "suites": [],
          "passes": [
            "24ec505f-a1a2-4099-8159-0959c0eb5ce5",
            "21d5f32d-3ef0-4c88-a1bf-187ce07d57d2",
            "284fc860-11e3-4ab5-b3e3-e4ae2eab6859",
            "9975ef86-a595-4fec-b879-40fdfbdf156d",
            "f0e287b5-1a2d-41a5-954d-1d2233cecd5c"
          ],
          "failures": [],
          "pending": [],
          "skipped": [],
          "duration": 1302,
          "root": false,
          "rootEmpty": false,
          "_timeout": 2000
        }
      ],
      "passes": [],
      "failures": [],
      "pending": [],
      "skipped": [],
      "duration": 0,
      "root": true,
      "rootEmpty": true,
      "_timeout": 2000
    }
  ],
  "meta": {
    "mocha": {
      "version": "10.2.0"
    },
    "mochawesome": {
      "options": {
        "quiet": false,
        "reportFilename": "mochawesome",
        "saveHtml": true,
        "saveJson": true,
        "consoleReporter": "spec",
        "useInlineDiffs": false,
        "code": true
      },
      "version": "7.1.3"
    },
    "marge": {
      "options": null,
      "version": "6.2.0"
    }
  }
}