{
  "stats": {
    "suites": 1,
    "tests": 5,
    "passes": 5,
    "pending": 0,
    "failures": 0,
    "start": "2023-07-06T12:29:47.264Z",
    "end": "2023-07-06T12:29:48.605Z",
    "duration": 1341,
    "testsRegistered": 5,
    "passPercent": 100,
    "pendingPercent": 0,
    "other": 0,
    "hasOther": false,
    "skipped": 0,
    "hasSkipped": false
  },
  "results": [
    {
      "uuid": "76532464-4b9d-44f9-8f0f-e8b03f35b909",
      "title": "",
      "fullFile": "/Users/askeledzija/workspace/asyncapi/test/test.spec.js",
      "file": "/test/test.spec.js",
      "beforeHooks": [],
      "afterHooks": [],
      "tests": [],
      "suites": [
        {
          "uuid": "2829a44a-b5f1-40a3-9eec-24d66fa48a8d",
          "title": "Async demo",
          "fullFile": "/Users/askeledzija/workspace/asyncapi/test/test.spec.js",
          "file": "/test/test.spec.js",
          "beforeHooks": [],
          "afterHooks": [],
          "tests": [
            {
              "title": "Should Fetch the posts by id using GET request",
              "fullTitle": "Async demo Should Fetch the posts by id using GET request",
              "timedOut": false,
              "duration": 165,
              "state": "passed",
              "speed": "slow",
              "pass": true,
              "fail": false,
              "pending": false,
              "context": null,
              "code": "await request(baseURL)\n    .get('/posts/' + postId)\n    .set(\"Accept\", \"application/json\")\n    .set(\"Content-Type\", 'application/json')\n    .then((res, err) => {\n        expect(res.statusCode).to.be.equal(200)\n        expect(res.body.title).to.contains('reprehenderit')\n        if (err) {\n            throw err;\n        }\n    });",
              "err": {},
              "uuid": "c5193316-486b-4580-9afd-02447db1e59b",
              "parentUUID": "2829a44a-b5f1-40a3-9eec-24d66fa48a8d",
              "isHook": false,
              "skipped": false
            },
            {
              "title": "Should successfully create a post using POST request",
              "fullTitle": "Async demo Should successfully create a post using POST request",
              "timedOut": false,
              "duration": 286,
              "state": "passed",
              "speed": "slow",
              "pass": true,
              "fail": false,
              "pending": false,
              "context": null,
              "code": "await request(baseURL)\n    .post('/posts')\n    .send(data)\n    .set(\"Accept\", \"application/json\")\n    .set(\"Content-Type\", 'application/json')\n    .then((res, err) => {\n        expect(res.statusCode).to.be.equal(201)\n        //postId = res.body.id\n        //console.log(postId)\n        if (err) {\n            throw err;\n        }\n    });",
              "err": {},
              "uuid": "120a8bb1-e3bf-46c6-8aaa-c815e8dc5638",
              "parentUUID": "2829a44a-b5f1-40a3-9eec-24d66fa48a8d",
              "isHook": false,
              "skipped": false
            },
            {
              "title": "Should Update the posts of the provided post id using PUT request",
              "fullTitle": "Async demo Should Update the posts of the provided post id using PUT request",
              "timedOut": false,
              "duration": 290,
              "state": "passed",
              "speed": "slow",
              "pass": true,
              "fail": false,
              "pending": false,
              "context": null,
              "code": "await request(baseURL)\n    .put('/posts/' + postId)\n    .send(updateddata)\n    .set(\"Accept\", \"application/json\")\n    .set(\"Content-Type\", 'application/json')\n  //  .set('Cookie', 'token=' + token)\n    .then((res, err) => {\n        expect(res.statusCode).to.be.equal(200)\n        expect(res.body.title).to.be.equal(updateddata.title)\n        if (err) {\n            throw err;\n        }\n    });",
              "err": {},
              "uuid": "e31722f3-c5ec-429a-b9cf-b77d66659d35",
              "parentUUID": "2829a44a-b5f1-40a3-9eec-24d66fa48a8d",
              "isHook": false,
              "skipped": false
            },
            {
              "title": "Should Partial Update the title and body of the provided post id using PATCH request",
              "fullTitle": "Async demo Should Partial Update the title and body of the provided post id using PATCH request",
              "timedOut": false,
              "duration": 294,
              "state": "passed",
              "speed": "slow",
              "pass": true,
              "fail": false,
              "pending": false,
              "context": null,
              "code": "var title = \"Andrej\"\nvar body = \"Skeledzija\"\nawait request(baseURL)\n    .patch('/posts/' + postId)\n    .send({title: title, body: body})\n    .set(\"Accept\", \"application/json\")\n    .set(\"Content-Type\", 'application/json')\n    //.set('Cookie', 'token=' + token)\n    .then((res, err) => {\n        expect(res.statusCode).to.be.equal(200)\n        expect(res.body.title).to.be.equal(title)\n        expect(res.body.body).to.be.equal(body)\n        if (err) {\n            throw err;\n        }\n    });",
              "err": {},
              "uuid": "c588e95a-6f3e-4539-87a4-78f2980fc206",
              "parentUUID": "2829a44a-b5f1-40a3-9eec-24d66fa48a8d",
              "isHook": false,
              "skipped": false
            },
            {
              "title": "Should Delete post of the provided postId using DELETE request",
              "fullTitle": "Async demo Should Delete post of the provided postId using DELETE request",
              "timedOut": false,
              "duration": 300,
              "state": "passed",
              "speed": "slow",
              "pass": true,
              "fail": false,
              "pending": false,
              "context": null,
              "code": "await request(baseURL)\n    .delete('/posts/' + postId)\n    .set(\"Accept\", \"application/json\")\n    .set(\"Content-Type\", 'application/json')\n    //.set('Cookie', 'token=' + token)\n    .then((res, err) => {\n        expect(res.statusCode).to.be.equal(200)\n        if (err) {\n            throw err;\n        }\n    });",
              "err": {},
              "uuid": "dfdecc72-1264-4ba0-b7ee-fd5444ffa5ee",
              "parentUUID": "2829a44a-b5f1-40a3-9eec-24d66fa48a8d",
              "isHook": false,
              "skipped": false
            }
          ],
          "suites": [],
          "passes": [
            "c5193316-486b-4580-9afd-02447db1e59b",
            "120a8bb1-e3bf-46c6-8aaa-c815e8dc5638",
            "e31722f3-c5ec-429a-b9cf-b77d66659d35",
            "c588e95a-6f3e-4539-87a4-78f2980fc206",
            "dfdecc72-1264-4ba0-b7ee-fd5444ffa5ee"
          ],
          "failures": [],
          "pending": [],
          "skipped": [],
          "duration": 1335,
          "root": false,
          "rootEmpty": false,
          "_timeout": 2000
        }
      ],
      "passes": [],
      "failures": [],
      "pending": [],
      "skipped": [],
      "duration": 0,
      "root": true,
      "rootEmpty": true,
      "_timeout": 2000
    }
  ],
  "meta": {
    "mocha": {
      "version": "10.2.0"
    },
    "mochawesome": {
      "options": {
        "quiet": false,
        "reportFilename": "mochawesome",
        "saveHtml": true,
        "saveJson": true,
        "consoleReporter": "spec",
        "useInlineDiffs": false,
        "code": true
      },
      "version": "7.1.3"
    },
    "marge": {
      "options": null,
      "version": "6.2.0"
    }
  }
}